<?xml version="1.0" encoding="UTF-8"?>
<!-- Generated by org.testng.reporters.JUnitReportReporter -->
<testsuite hostname="DESKTOP-1RHU1NU" failures="0" tests="1" name="testng.test1" time="0.021" errors="0" timestamp="2021-07-23T13:12:20 IST" skipped="0">
  <testcase classname="testng.test1" name="demo" time="0.021"/>
  <system-out>
    <![CDATA[hello gud evening]]>
  </system-out>
</testsuite> <!-- testng.test1 -->
