<?xml version="1.0" encoding="UTF-8"?>
<!-- Generated by org.testng.reporters.JUnitReportReporter -->
<testsuite hostname="DESKTOP-1RHU1NU" failures="0" tests="4" name="dropppdowwn.TestNgpro" time="0.023" errors="0" timestamp="2021-08-22T13:12:21 IST" skipped="1">
  <testcase classname="dropppdowwn.TestNgpro" name="demo" time="0.004"/>
  <system-out>
    <![CDATA[hello world]]>
  </system-out>
  <testcase classname="dropppdowwn.TestNgpro" name="demo" time="0.016"/>
  <system-out>
    <![CDATA[hello world]]>
  </system-out>
  <testcase classname="dropppdowwn.TestNgpro" name="hey" time="0.003"/>
  <system-out>
    <![CDATA[hey]]>
  </system-out>
  <testcase classname="dropppdowwn.TestNgpro" name="status">
    <skipped/>
  </testcase> <!-- status -->
  <system-out/>
</testsuite> <!-- dropppdowwn.TestNgpro -->
