<?xml version="1.0" encoding="UTF-8"?>
<!-- Generated by org.testng.reporters.JUnitReportReporter -->
<testsuite hostname="DESKTOP-1RHU1NU" failures="0" tests="4" name="programlist.Testtt" time="0.026" errors="0" timestamp="2021-08-18T14:23:32 IST" skipped="1">
  <testcase classname="programlist.Testtt" name="hello" time="0.017"/>
  <system-out>
    <![CDATA[hello,]]>
  </system-out>
  <testcase classname="programlist.Testtt" name="how" time="0.005"/>
  <system-out>
    <![CDATA[how,]]>
  </system-out>
  <testcase classname="programlist.Testtt" name="how" time="0.004"/>
  <system-out>
    <![CDATA[how,]]>
  </system-out>
  <testcase classname="programlist.Testtt" name="areyou">
    <skipped/>
  </testcase> <!-- areyou -->
  <system-out/>
</testsuite> <!-- programlist.Testtt -->
