<?xml version="1.0" encoding="UTF-8"?>
<!-- Generated by org.testng.reporters.JUnitReportReporter -->
<testsuite hostname="DESKTOP-1RHU1NU" failures="0" tests="1" name="dropppdowwn.T2" time="5.099" errors="0" timestamp="2021-08-16T10:51:08 IST" skipped="0">
  <testcase classname="dropppdowwn.T2" name="test" time="5.099"/>
  <system-out/>
</testsuite> <!-- dropppdowwn.T2 -->
